<?xml version="1.0" encoding="UTF-8"?>
<!-- Generated by org.testng.reporters.JUnitXMLReporter -->
<testsuite ignored="3" hostname="SPT-LPT-0343" failures="0" tests="2" name="Test123" time="24.739" errors="0" timestamp="2024-02-25T20:08:16 IST">
  <testcase classname="test_Pages.MyAccount.Saved_Addresses" name="myAddress" time="1.928"/>
  <testcase classname="test_Pages.MyAccount.Saved_Addresses" name="editAddress" time="1.437"/>
  <testcase classname="DXL.UAT.BaseClass" name="validateDXLTitle" time="0.0">
    <ignored/>
  </testcase> <!-- validateDXLTitle -->
  <testcase classname="DXL.UAT.BaseClass" name="validateDXLTitle" time="0.0">
    <ignored/>
  </testcase> <!-- validateDXLTitle -->
  <testcase classname="DXL.UAT.BaseClass" name="validateDXLTitle" time="0.0">
    <ignored/>
  </testcase> <!-- validateDXLTitle -->
</testsuite> <!-- Test123 -->
