<?xml version="1.0" encoding="UTF-8"?>
<testng-results ignored="0" total="2" passed="2" failed="0" skipped="0">
  <reporter-output>
  </reporter-output>
  <suite started-at="2024-02-25T20:07:51 IST" name="Suite" finished-at="2024-02-25T20:08:16 IST" duration-ms="24739">
    <groups>
    </groups>
    <test started-at="2024-02-25T20:07:51 IST" name="Test123" finished-at="2024-02-25T20:08:16 IST" duration-ms="24739">
      <class name="test_Pages.MyAccount.Saved_Addresses">
        <test-method is-config="true" signature="launchSite(java.lang.String,java.lang.String)[pri:0, instance:test_Pages.MyAccount.Saved_Addresses@2a7f1f10]" started-at="2024-02-25T20:07:51 IST" name="launchSite" finished-at="2024-02-25T20:08:07 IST" duration-ms="15777" status="PASS">
          <params>
            <param index="0">
              <value>
                <![CDATA[chrome]]>
              </value>
            </param>
            <param index="1">
              <value>
                <![CDATA[https://uat.gamma.destinationxl.com]]>
              </value>
            </param>
          </params>
          <reporter-output>
          </reporter-output>
        </test-method> <!-- launchSite -->
        <test-method is-config="true" signature="signin()[pri:0, instance:test_Pages.MyAccount.Saved_Addresses@2a7f1f10]" started-at="2024-02-25T20:08:07 IST" name="signin" finished-at="2024-02-25T20:08:13 IST" duration-ms="5299" status="PASS">
          <reporter-output>
          </reporter-output>
        </test-method> <!-- signin -->
        <test-method signature="myAddress()[pri:1, instance:test_Pages.MyAccount.Saved_Addresses@2a7f1f10]" started-at="2024-02-25T20:08:13 IST" name="myAddress" finished-at="2024-02-25T20:08:15 IST" duration-ms="1928" status="PASS">
          <reporter-output>
          </reporter-output>
        </test-method> <!-- myAddress -->
        <test-method signature="editAddress()[pri:2, instance:test_Pages.MyAccount.Saved_Addresses@2a7f1f10]" started-at="2024-02-25T20:08:15 IST" name="editAddress" finished-at="2024-02-25T20:08:16 IST" duration-ms="1437" status="PASS">
          <reporter-output>
          </reporter-output>
        </test-method> <!-- editAddress -->
        <test-method is-config="true" signature="tearDown()[pri:0, instance:test_Pages.MyAccount.Saved_Addresses@2a7f1f10]" started-at="2024-02-25T20:08:16 IST" name="tearDown" finished-at="2024-02-25T20:08:16 IST" duration-ms="226" status="PASS">
          <reporter-output>
          </reporter-output>
        </test-method> <!-- tearDown -->
      </class> <!-- test_Pages.MyAccount.Saved_Addresses -->
    </test> <!-- Test123 -->
  </suite> <!-- Suite -->
</testng-results>
